{"D:\\MIS\\backendStockManagement\\backend\\controller\\product.controller.js": {"path":"D:\\MIS\\backendStockManagement\\backend\\controller\\product.controller.js","statementMap":{"0":{"start":{"line":1,"column":16},"end":{"line":1,"column":44}},"1":{"start":{"line":2,"column":25},"end":{"line":2,"column":62}},"2":{"start":{"line":7,"column":0},"end":{"line":15,"column":2}},"3":{"start":{"line":8,"column":4},"end":{"line":14,"column":5}},"4":{"start":{"line":9,"column":25},"end":{"line":9,"column":67}},"5":{"start":{"line":11,"column":8},"end":{"line":11,"column":86}},"6":{"start":{"line":13,"column":8},"end":{"line":13,"column":105}},"7":{"start":{"line":20,"column":0},"end":{"line":32,"column":2}},"8":{"start":{"line":21,"column":4},"end":{"line":31,"column":5}},"9":{"start":{"line":22,"column":24},"end":{"line":22,"column":61}},"10":{"start":{"line":24,"column":8},"end":{"line":26,"column":9}},"11":{"start":{"line":25,"column":12},"end":{"line":25,"column":88}},"12":{"start":{"line":28,"column":8},"end":{"line":28,"column":61}},"13":{"start":{"line":30,"column":8},"end":{"line":30,"column":104}},"14":{"start":{"line":37,"column":0},"end":{"line":49,"column":2}},"15":{"start":{"line":38,"column":4},"end":{"line":48,"column":5}},"16":{"start":{"line":39,"column":24},"end":{"line":39,"column":92}},"17":{"start":{"line":41,"column":8},"end":{"line":43,"column":9}},"18":{"start":{"line":42,"column":12},"end":{"line":42,"column":88}},"19":{"start":{"line":45,"column":8},"end":{"line":45,"column":61}},"20":{"start":{"line":47,"column":8},"end":{"line":47,"column":104}},"21":{"start":{"line":54,"column":0},"end":{"line":103,"column":2}},"22":{"start":{"line":55,"column":4},"end":{"line":102,"column":5}},"23":{"start":{"line":65,"column":12},"end":{"line":65,"column":20}},"24":{"start":{"line":68,"column":32},"end":{"line":68,"column":97}},"25":{"start":{"line":70,"column":8},"end":{"line":72,"column":9}},"26":{"start":{"line":71,"column":12},"end":{"line":71,"column":98}},"27":{"start":{"line":75,"column":24},"end":{"line":84,"column":10}},"28":{"start":{"line":87,"column":8},"end":{"line":97,"column":9}},"29":{"start":{"line":88,"column":12},"end":{"line":96,"column":15}},"30":{"start":{"line":99,"column":8},"end":{"line":99,"column":102}},"31":{"start":{"line":101,"column":8},"end":{"line":101,"column":104}},"32":{"start":{"line":108,"column":0},"end":{"line":132,"column":2}},"33":{"start":{"line":109,"column":4},"end":{"line":131,"column":5}},"34":{"start":{"line":110,"column":22},"end":{"line":110,"column":59}},"35":{"start":{"line":112,"column":8},"end":{"line":114,"column":9}},"36":{"start":{"line":113,"column":12},"end":{"line":113,"column":88}},"37":{"start":{"line":118,"column":8},"end":{"line":120,"column":9}},"38":{"start":{"line":119,"column":12},"end":{"line":119,"column":46}},"39":{"start":{"line":123,"column":8},"end":{"line":126,"column":11}},"40":{"start":{"line":128,"column":8},"end":{"line":128,"column":102}},"41":{"start":{"line":130,"column":8},"end":{"line":130,"column":104}},"42":{"start":{"line":137,"column":0},"end":{"line":189,"column":2}},"43":{"start":{"line":138,"column":4},"end":{"line":188,"column":5}},"44":{"start":{"line":139,"column":54},"end":{"line":139,"column":62}},"45":{"start":{"line":142,"column":8},"end":{"line":144,"column":9}},"46":{"start":{"line":143,"column":12},"end":{"line":143,"column":101}},"47":{"start":{"line":147,"column":8},"end":{"line":149,"column":9}},"48":{"start":{"line":148,"column":12},"end":{"line":148,"column":127}},"49":{"start":{"line":151,"column":24},"end":{"line":151,"column":61}},"50":{"start":{"line":153,"column":8},"end":{"line":155,"column":9}},"51":{"start":{"line":154,"column":12},"end":{"line":154,"column":88}},"52":{"start":{"line":158,"column":28},"end":{"line":158,"column":53}},"53":{"start":{"line":161,"column":8},"end":{"line":161,"column":60}},"54":{"start":{"line":164,"column":8},"end":{"line":174,"column":11}},"55":{"start":{"line":176,"column":8},"end":{"line":185,"column":11}},"56":{"start":{"line":187,"column":8},"end":{"line":187,"column":102}},"57":{"start":{"line":194,"column":0},"end":{"line":208,"column":2}},"58":{"start":{"line":195,"column":4},"end":{"line":207,"column":5}},"59":{"start":{"line":196,"column":24},"end":{"line":196,"column":61}},"60":{"start":{"line":198,"column":8},"end":{"line":200,"column":9}},"61":{"start":{"line":199,"column":12},"end":{"line":199,"column":88}},"62":{"start":{"line":202,"column":8},"end":{"line":202,"column":34}},"63":{"start":{"line":204,"column":8},"end":{"line":204,"column":97}},"64":{"start":{"line":206,"column":8},"end":{"line":206,"column":104}},"65":{"start":{"line":213,"column":0},"end":{"line":226,"column":2}},"66":{"start":{"line":214,"column":4},"end":{"line":225,"column":3}},"67":{"start":{"line":215,"column":25},"end":{"line":215,"column":45}},"68":{"start":{"line":218,"column":33},"end":{"line":218,"column":114}},"69":{"start":{"line":218,"column":62},"end":{"line":218,"column":111}},"70":{"start":{"line":220,"column":4},"end":{"line":221,"column":80}},"71":{"start":{"line":223,"column":4},"end":{"line":224,"column":93}},"72":{"start":{"line":231,"column":0},"end":{"line":277,"column":10}},"73":{"start":{"line":232,"column":12},"end":{"line":276,"column":13}},"74":{"start":{"line":233,"column":35},"end":{"line":233,"column":46}},"75":{"start":{"line":235,"column":16},"end":{"line":237,"column":17}},"76":{"start":{"line":236,"column":20},"end":{"line":236,"column":102}},"77":{"start":{"line":239,"column":33},"end":{"line":271,"column":18}},"78":{"start":{"line":273,"column":16},"end":{"line":273,"column":94}},"79":{"start":{"line":275,"column":16},"end":{"line":275,"column":114}},"80":{"start":{"line":282,"column":12},"end":{"line":290,"column":10}},"81":{"start":{"line":283,"column":12},"end":{"line":289,"column":13}},"82":{"start":{"line":284,"column":33},"end":{"line":284,"column":100}},"83":{"start":{"line":286,"column":16},"end":{"line":286,"column":94}},"84":{"start":{"line":288,"column":16},"end":{"line":288,"column":125}},"85":{"start":{"line":295,"column":12},"end":{"line":303,"column":10}},"86":{"start":{"line":296,"column":12},"end":{"line":302,"column":13}},"87":{"start":{"line":297,"column":33},"end":{"line":297,"column":100}},"88":{"start":{"line":299,"column":16},"end":{"line":299,"column":94}},"89":{"start":{"line":301,"column":16},"end":{"line":301,"column":125}},"90":{"start":{"line":308,"column":12},"end":{"line":330,"column":10}},"91":{"start":{"line":309,"column":12},"end":{"line":329,"column":13}},"92":{"start":{"line":310,"column":33},"end":{"line":310,"column":53}},"93":{"start":{"line":312,"column":30},"end":{"line":324,"column":17}},"94":{"start":{"line":315,"column":42},"end":{"line":315,"column":73}},"95":{"start":{"line":319,"column":42},"end":{"line":319,"column":94}},"96":{"start":{"line":322,"column":69},"end":{"line":322,"column":118}},"97":{"start":{"line":323,"column":21},"end":{"line":323,"column":52}},"98":{"start":{"line":326,"column":16},"end":{"line":326,"column":67}},"99":{"start":{"line":328,"column":16},"end":{"line":328,"column":125}}},"fnMap":{"0":{"name":"(anonymous_0)","decl":{"start":{"line":7,"column":25},"end":{"line":7,"column":26}},"loc":{"start":{"line":7,"column":45},"end":{"line":15,"column":1}},"line":7},"1":{"name":"(anonymous_1)","decl":{"start":{"line":20,"column":25},"end":{"line":20,"column":26}},"loc":{"start":{"line":20,"column":45},"end":{"line":32,"column":1}},"line":20},"2":{"name":"(anonymous_2)","decl":{"start":{"line":37,"column":27},"end":{"line":37,"column":28}},"loc":{"start":{"line":37,"column":47},"end":{"line":49,"column":1}},"line":37},"3":{"name":"(anonymous_3)","decl":{"start":{"line":54,"column":24},"end":{"line":54,"column":25}},"loc":{"start":{"line":54,"column":44},"end":{"line":103,"column":1}},"line":54},"4":{"name":"(anonymous_4)","decl":{"start":{"line":108,"column":24},"end":{"line":108,"column":25}},"loc":{"start":{"line":108,"column":44},"end":{"line":132,"column":1}},"line":108},"5":{"name":"(anonymous_5)","decl":{"start":{"line":137,"column":29},"end":{"line":137,"column":30}},"loc":{"start":{"line":137,"column":49},"end":{"line":189,"column":1}},"line":137},"6":{"name":"(anonymous_6)","decl":{"start":{"line":194,"column":24},"end":{"line":194,"column":25}},"loc":{"start":{"line":194,"column":44},"end":{"line":208,"column":1}},"line":194},"7":{"name":"(anonymous_7)","decl":{"start":{"line":213,"column":30},"end":{"line":213,"column":31}},"loc":{"start":{"line":213,"column":50},"end":{"line":226,"column":1}},"line":213},"8":{"name":"(anonymous_8)","decl":{"start":{"line":218,"column":49},"end":{"line":218,"column":50}},"loc":{"start":{"line":218,"column":62},"end":{"line":218,"column":111}},"line":218},"9":{"name":"(anonymous_9)","decl":{"start":{"line":231,"column":25},"end":{"line":231,"column":26}},"loc":{"start":{"line":231,"column":45},"end":{"line":277,"column":9}},"line":231},"10":{"name":"(anonymous_10)","decl":{"start":{"line":282,"column":44},"end":{"line":282,"column":45}},"loc":{"start":{"line":282,"column":64},"end":{"line":290,"column":9}},"line":282},"11":{"name":"(anonymous_11)","decl":{"start":{"line":295,"column":44},"end":{"line":295,"column":45}},"loc":{"start":{"line":295,"column":64},"end":{"line":303,"column":9}},"line":295},"12":{"name":"(anonymous_12)","decl":{"start":{"line":308,"column":40},"end":{"line":308,"column":41}},"loc":{"start":{"line":308,"column":60},"end":{"line":330,"column":9}},"line":308},"13":{"name":"(anonymous_13)","decl":{"start":{"line":315,"column":24},"end":{"line":315,"column":25}},"loc":{"start":{"line":315,"column":42},"end":{"line":315,"column":73}},"line":315},"14":{"name":"(anonymous_14)","decl":{"start":{"line":319,"column":24},"end":{"line":319,"column":25}},"loc":{"start":{"line":319,"column":42},"end":{"line":319,"column":94}},"line":319},"15":{"name":"(anonymous_15)","decl":{"start":{"line":322,"column":56},"end":{"line":322,"column":57}},"loc":{"start":{"line":322,"column":69},"end":{"line":322,"column":118}},"line":322},"16":{"name":"(anonymous_16)","decl":{"start":{"line":323,"column":8},"end":{"line":323,"column":9}},"loc":{"start":{"line":323,"column":21},"end":{"line":323,"column":52}},"line":323}},"branchMap":{"0":{"loc":{"start":{"line":24,"column":8},"end":{"line":26,"column":9}},"type":"if","locations":[{"start":{"line":24,"column":8},"end":{"line":26,"column":9}},{"start":{},"end":{}}],"line":24},"1":{"loc":{"start":{"line":41,"column":8},"end":{"line":43,"column":9}},"type":"if","locations":[{"start":{"line":41,"column":8},"end":{"line":43,"column":9}},{"start":{},"end":{}}],"line":41},"2":{"loc":{"start":{"line":70,"column":8},"end":{"line":72,"column":9}},"type":"if","locations":[{"start":{"line":70,"column":8},"end":{"line":72,"column":9}},{"start":{},"end":{}}],"line":70},"3":{"loc":{"start":{"line":81,"column":31},"end":{"line":81,"column":53}},"type":"binary-expr","locations":[{"start":{"line":81,"column":31},"end":{"line":81,"column":48}},{"start":{"line":81,"column":52},"end":{"line":81,"column":53}}],"line":81},"4":{"loc":{"start":{"line":82,"column":27},"end":{"line":82,"column":46}},"type":"binary-expr","locations":[{"start":{"line":82,"column":27},"end":{"line":82,"column":40}},{"start":{"line":82,"column":44},"end":{"line":82,"column":46}}],"line":82},"5":{"loc":{"start":{"line":87,"column":8},"end":{"line":97,"column":9}},"type":"if","locations":[{"start":{"line":87,"column":8},"end":{"line":97,"column":9}},{"start":{},"end":{}}],"line":87},"6":{"loc":{"start":{"line":95,"column":30},"end":{"line":95,"column":62}},"type":"binary-expr","locations":[{"start":{"line":95,"column":30},"end":{"line":95,"column":51}},{"start":{"line":95,"column":55},"end":{"line":95,"column":62}}],"line":95},"7":{"loc":{"start":{"line":112,"column":8},"end":{"line":114,"column":9}},"type":"if","locations":[{"start":{"line":112,"column":8},"end":{"line":114,"column":9}},{"start":{},"end":{}}],"line":112},"8":{"loc":{"start":{"line":118,"column":8},"end":{"line":120,"column":9}},"type":"if","locations":[{"start":{"line":118,"column":8},"end":{"line":120,"column":9}},{"start":{},"end":{}}],"line":118},"9":{"loc":{"start":{"line":142,"column":8},"end":{"line":144,"column":9}},"type":"if","locations":[{"start":{"line":142,"column":8},"end":{"line":144,"column":9}},{"start":{},"end":{}}],"line":142},"10":{"loc":{"start":{"line":142,"column":12},"end":{"line":142,"column":30}},"type":"binary-expr","locations":[{"start":{"line":142,"column":12},"end":{"line":142,"column":21}},{"start":{"line":142,"column":25},"end":{"line":142,"column":30}}],"line":142},"11":{"loc":{"start":{"line":147,"column":8},"end":{"line":149,"column":9}},"type":"if","locations":[{"start":{"line":147,"column":8},"end":{"line":149,"column":9}},{"start":{},"end":{}}],"line":147},"12":{"loc":{"start":{"line":153,"column":8},"end":{"line":155,"column":9}},"type":"if","locations":[{"start":{"line":153,"column":8},"end":{"line":155,"column":9}},{"start":{},"end":{}}],"line":153},"13":{"loc":{"start":{"line":170,"column":19},"end":{"line":172,"column":14}},"type":"binary-expr","locations":[{"start":{"line":170,"column":19},"end":{"line":170,"column":24}},{"start":{"line":170,"column":28},"end":{"line":172,"column":14}}],"line":170},"14":{"loc":{"start":{"line":173,"column":26},"end":{"line":173,"column":49}},"type":"binary-expr","locations":[{"start":{"line":173,"column":26},"end":{"line":173,"column":38}},{"start":{"line":173,"column":42},"end":{"line":173,"column":49}}],"line":173},"15":{"loc":{"start":{"line":198,"column":8},"end":{"line":200,"column":9}},"type":"if","locations":[{"start":{"line":198,"column":8},"end":{"line":200,"column":9}},{"start":{},"end":{}}],"line":198},"16":{"loc":{"start":{"line":235,"column":16},"end":{"line":237,"column":17}},"type":"if","locations":[{"start":{"line":235,"column":16},"end":{"line":237,"column":17}},{"start":{},"end":{}}],"line":235}},"s":{"0":1,"1":1,"2":1,"3":2,"4":2,"5":1,"6":1,"7":1,"8":2,"9":2,"10":2,"11":1,"12":1,"13":0,"14":1,"15":0,"16":0,"17":0,"18":0,"19":0,"20":0,"21":1,"22":3,"23":3,"24":3,"25":3,"26":1,"27":2,"28":1,"29":1,"30":1,"31":1,"32":1,"33":2,"34":2,"35":2,"36":0,"37":2,"38":1,"39":2,"40":2,"41":0,"42":1,"43":2,"44":2,"45":2,"46":0,"47":2,"48":1,"49":1,"50":1,"51":0,"52":1,"53":1,"54":1,"55":1,"56":0,"57":1,"58":2,"59":2,"60":2,"61":1,"62":1,"63":1,"64":0,"65":1,"66":0,"67":0,"68":0,"69":0,"70":0,"71":0,"72":1,"73":0,"74":0,"75":0,"76":0,"77":0,"78":0,"79":0,"80":1,"81":0,"82":0,"83":0,"84":0,"85":1,"86":0,"87":0,"88":0,"89":0,"90":1,"91":0,"92":0,"93":0,"94":0,"95":0,"96":0,"97":0,"98":0,"99":0},"f":{"0":2,"1":2,"2":0,"3":3,"4":2,"5":2,"6":2,"7":0,"8":0,"9":0,"10":0,"11":0,"12":0,"13":0,"14":0,"15":0,"16":0},"b":{"0":[1,1],"1":[0,0],"2":[1,2],"3":[2,1],"4":[2,2],"5":[1,0],"6":[1,1],"7":[0,2],"8":[1,1],"9":[0,2],"10":[2,2],"11":[1,1],"12":[0,1],"13":[1,1],"14":[1,1],"15":[1,1],"16":[0,0]},"_coverageSchema":"1a1c01bbd47fc00a2c39e90264f33305004495a9","hash":"b009fc864e7e4df8e67be1cf518480d562e0b0e0"}
,"D:\\MIS\\backendStockManagement\\backend\\models\\Product.js": {"path":"D:\\MIS\\backendStockManagement\\backend\\models\\Product.js","statementMap":{"0":{"start":{"line":1,"column":17},"end":{"line":1,"column":36}},"1":{"start":{"line":3,"column":22},"end":{"line":54,"column":1}},"2":{"start":{"line":57,"column":0},"end":{"line":59,"column":3}},"3":{"start":{"line":58,"column":2},"end":{"line":58,"column":54}},"4":{"start":{"line":62,"column":0},"end":{"line":74,"column":2}},"5":{"start":{"line":63,"column":2},"end":{"line":72,"column":3}},"6":{"start":{"line":64,"column":4},"end":{"line":64,"column":39}},"7":{"start":{"line":65,"column":9},"end":{"line":72,"column":3}},"8":{"start":{"line":66,"column":4},"end":{"line":68,"column":5}},"9":{"start":{"line":67,"column":6},"end":{"line":67,"column":44}},"10":{"start":{"line":69,"column":4},"end":{"line":69,"column":39}},"11":{"start":{"line":70,"column":9},"end":{"line":72,"column":3}},"12":{"start":{"line":71,"column":4},"end":{"line":71,"column":38}},"13":{"start":{"line":73,"column":2},"end":{"line":73,"column":27}},"14":{"start":{"line":77,"column":0},"end":{"line":77,"column":41}},"15":{"start":{"line":78,"column":0},"end":{"line":78,"column":51}},"16":{"start":{"line":80,"column":0},"end":{"line":80,"column":58}}},"fnMap":{"0":{"name":"(anonymous_0)","decl":{"start":{"line":57,"column":42},"end":{"line":57,"column":43}},"loc":{"start":{"line":57,"column":54},"end":{"line":59,"column":1}},"line":57},"1":{"name":"(anonymous_1)","decl":{"start":{"line":62,"column":36},"end":{"line":62,"column":37}},"loc":{"start":{"line":62,"column":68},"end":{"line":74,"column":1}},"line":62}},"branchMap":{"0":{"loc":{"start":{"line":63,"column":2},"end":{"line":72,"column":3}},"type":"if","locations":[{"start":{"line":63,"column":2},"end":{"line":72,"column":3}},{"start":{"line":65,"column":9},"end":{"line":72,"column":3}}],"line":63},"1":{"loc":{"start":{"line":65,"column":9},"end":{"line":72,"column":3}},"type":"if","locations":[{"start":{"line":65,"column":9},"end":{"line":72,"column":3}},{"start":{"line":70,"column":9},"end":{"line":72,"column":3}}],"line":65},"2":{"loc":{"start":{"line":66,"column":4},"end":{"line":68,"column":5}},"type":"if","locations":[{"start":{"line":66,"column":4},"end":{"line":68,"column":5}},{"start":{},"end":{}}],"line":66},"3":{"loc":{"start":{"line":70,"column":9},"end":{"line":72,"column":3}},"type":"if","locations":[{"start":{"line":70,"column":9},"end":{"line":72,"column":3}},{"start":{},"end":{}}],"line":70}},"s":{"0":1,"1":1,"2":1,"3":0,"4":1,"5":0,"6":0,"7":0,"8":0,"9":0,"10":0,"11":0,"12":0,"13":0,"14":1,"15":1,"16":1},"f":{"0":0,"1":0},"b":{"0":[0,0],"1":[0,0],"2":[0,0],"3":[0,0]},"_coverageSchema":"1a1c01bbd47fc00a2c39e90264f33305004495a9","hash":"65b3032efcfea5b1d423c0e4d2ef076c7b210412"}
,"D:\\MIS\\backendStockManagement\\backend\\models\\StockTransaction.js": {"path":"D:\\MIS\\backendStockManagement\\backend\\models\\StockTransaction.js","statementMap":{"0":{"start":{"line":1,"column":17},"end":{"line":1,"column":36}},"1":{"start":{"line":3,"column":31},"end":{"line":40,"column":1}},"2":{"start":{"line":43,"column":0},"end":{"line":43,"column":48}},"3":{"start":{"line":44,"column":0},"end":{"line":44,"column":48}},"4":{"start":{"line":45,"column":0},"end":{"line":45,"column":54}},"5":{"start":{"line":47,"column":0},"end":{"line":47,"column":76}}},"fnMap":{},"branchMap":{},"s":{"0":1,"1":1,"2":1,"3":1,"4":1,"5":1},"f":{},"b":{},"_coverageSchema":"1a1c01bbd47fc00a2c39e90264f33305004495a9","hash":"24c8e0b7053cde88247e19d0241855ce33de4ef8"}
}
