TN:
SF:controller\product.controller.js
FN:7,(anonymous_0)
FN:20,(anonymous_1)
FN:37,(anonymous_2)
FN:54,(anonymous_3)
FN:108,(anonymous_4)
FN:137,(anonymous_5)
FN:194,(anonymous_6)
FN:213,(anonymous_7)
FN:218,(anonymous_8)
FN:231,(anonymous_9)
FN:282,(anonymous_10)
FN:295,(anonymous_11)
FN:308,(anonymous_12)
FN:315,(anonymous_13)
FN:319,(anonymous_14)
FN:322,(anonymous_15)
FN:323,(anonymous_16)
FNF:17
FNH:6
FNDA:2,(anonymous_0)
FNDA:2,(anonymous_1)
FNDA:0,(anonymous_2)
FNDA:3,(anonymous_3)
FNDA:2,(anonymous_4)
FNDA:2,(anonymous_5)
FNDA:2,(anonymous_6)
FNDA:0,(anonymous_7)
FNDA:0,(anonymous_8)
FNDA:0,(anonymous_9)
FNDA:0,(anonymous_10)
FNDA:0,(anonymous_11)
FNDA:0,(anonymous_12)
FNDA:0,(anonymous_13)
FNDA:0,(anonymous_14)
FNDA:0,(anonymous_15)
FNDA:0,(anonymous_16)
DA:1,1
DA:2,1
DA:7,1
DA:8,2
DA:9,2
DA:11,1
DA:13,1
DA:20,1
DA:21,2
DA:22,2
DA:24,2
DA:25,1
DA:28,1
DA:30,0
DA:37,1
DA:38,0
DA:39,0
DA:41,0
DA:42,0
DA:45,0
DA:47,0
DA:54,1
DA:55,3
DA:65,3
DA:68,3
DA:70,3
DA:71,1
DA:75,2
DA:87,1
DA:88,1
DA:99,1
DA:101,1
DA:108,1
DA:109,2
DA:110,2
DA:112,2
DA:113,0
DA:118,2
DA:119,1
DA:123,2
DA:128,2
DA:130,0
DA:137,1
DA:138,2
DA:139,2
DA:142,2
DA:143,0
DA:147,2
DA:148,1
DA:151,1
DA:153,1
DA:154,0
DA:158,1
DA:161,1
DA:164,1
DA:176,1
DA:187,0
DA:194,1
DA:195,2
DA:196,2
DA:198,2
DA:199,1
DA:202,1
DA:204,1
DA:206,0
DA:213,1
DA:214,0
DA:215,0
DA:218,0
DA:220,0
DA:223,0
DA:231,1
DA:232,0
DA:233,0
DA:235,0
DA:236,0
DA:239,0
DA:273,0
DA:275,0
DA:282,1
DA:283,0
DA:284,0
DA:286,0
DA:288,0
DA:295,1
DA:296,0
DA:297,0
DA:299,0
DA:301,0
DA:308,1
DA:309,0
DA:310,0
DA:312,0
DA:315,0
DA:319,0
DA:322,0
DA:323,0
DA:326,0
DA:328,0
LF:99
LH:57
BRDA:24,0,0,1
BRDA:24,0,1,1
BRDA:41,1,0,0
BRDA:41,1,1,0
BRDA:70,2,0,1
BRDA:70,2,1,2
BRDA:81,3,0,2
BRDA:81,3,1,1
BRDA:82,4,0,2
BRDA:82,4,1,2
BRDA:87,5,0,1
BRDA:87,5,1,0
BRDA:95,6,0,1
BRDA:95,6,1,1
BRDA:112,7,0,0
BRDA:112,7,1,2
BRDA:118,8,0,1
BRDA:118,8,1,1
BRDA:142,9,0,0
BRDA:142,9,1,2
BRDA:142,10,0,2
BRDA:142,10,1,2
BRDA:147,11,0,1
BRDA:147,11,1,1
BRDA:153,12,0,0
BRDA:153,12,1,1
BRDA:170,13,0,1
BRDA:170,13,1,1
BRDA:173,14,0,1
BRDA:173,14,1,1
BRDA:198,15,0,1
BRDA:198,15,1,1
BRDA:235,16,0,0
BRDA:235,16,1,0
BRF:34
BRH:26
end_of_record
TN:
SF:models\Product.js
FN:57,(anonymous_0)
FN:62,(anonymous_1)
FNF:2
FNH:0
FNDA:0,(anonymous_0)
FNDA:0,(anonymous_1)
DA:1,1
DA:3,1
DA:57,1
DA:58,0
DA:62,1
DA:63,0
DA:64,0
DA:65,0
DA:66,0
DA:67,0
DA:69,0
DA:70,0
DA:71,0
DA:73,0
DA:77,1
DA:78,1
DA:80,1
LF:17
LH:7
BRDA:63,0,0,0
BRDA:63,0,1,0
BRDA:65,1,0,0
BRDA:65,1,1,0
BRDA:66,2,0,0
BRDA:66,2,1,0
BRDA:70,3,0,0
BRDA:70,3,1,0
BRF:8
BRH:0
end_of_record
TN:
SF:models\StockTransaction.js
FNF:0
FNH:0
DA:1,1
DA:3,1
DA:43,1
DA:44,1
DA:45,1
DA:47,1
LF:6
LH:6
BRF:0
BRH:0
end_of_record
